<?xml version="1.0" encoding="UTF-8"?>
<!-- Generated by org.testng.reporters.JUnitReportReporter -->
<testsuite skipped="0" hostname="DESKTOP-AF5L4ES" name="testHomePage.TestSectionMenu" tests="1" failures="0" timestamp="28 May 2017 06:03:47 GMT" time="57.210" errors="0">
  <testcase name="testSectionMenu" time="57.210" classname="testHomePage.TestSectionMenu"/>
</testsuite> <!-- testHomePage.TestSectionMenu -->
